<?xml version="1.0" encoding="UTF-8"?>
<testsuite xmlns:xsi="http://www.w3.org/2001/XMLSchema-instance" xsi:noNamespaceSchemaLocation="https://maven.apache.org/surefire/maven-surefire-plugin/xsd/surefire-test-report-3.0.xsd" version="3.0" name="com.seccertificate.certificateservice.performance.CertificatePerformanceTest" time="26.116" tests="4" errors="3" skipped="0" failures="0">
  <properties>
[...]
</properties>
  <testcase name="shouldGenerateBatch100CertificatesUnder10Seconds" classname="com.seccertificate.certificateservice.performance.CertificatePerformanceTest" time="10.532">
    <system-out><![CDATA[Standard Commons Logging discovery in action with spring-jcl: please remove commons-logging.jar from classpath in order to avoid potential conflicts
15:45:26.985 [main] INFO org.springframework.test.context.support.AnnotationConfigContextLoaderUtils -- Could not detect default configuration classes for test class [com.seccertificate.certificateservice.performance.CertificatePerformanceTest]: CertificatePerformanceTest does not declare any static, non-private, non-final, nested classes annotated with @Configuration.
15:45:27.362 [main] INFO org.springframework.boot.test.context.SpringBootTestContextBootstrapper -- Found @SpringBootConfiguration com.seccertificate.certificateservice.CertificateServiceApplication for test class com.seccertificate.certificateservice.performance.CertificatePerformanceTest

  .   ____          _            __ _ _
 /\\ / ___'_ __ _ _(_)_ __  __ _ \ \ \ \
( ( )\___ | '_ | '_| | '_ \/ _` | \ \ \ \
 \\/  ___)| |_)| | | | | || (_| |  ) ) ) )
  '  |____| .__|_| |_|_| |_\__, | / / / /
 =========|_|==============|___/=/_/_/_/
 :: Spring Boot ::                (v3.2.0)

2025-12-17T15:45:28.973+02:00  INFO 25040 --- [certificate-service] [           main] c.s.c.p.CertificatePerformanceTest       : Starting CertificatePerformanceTest using Java 17.0.17 with PID 25040 (started by LENOVO in D:\certificate-service\backend)
2025-12-17T15:45:28.979+02:00 DEBUG 25040 --- [certificate-service] [           main] c.s.c.p.CertificatePerformanceTest       : Running with Spring Boot v3.2.0, Spring v6.1.1
2025-12-17T15:45:28.981+02:00  INFO 25040 --- [certificate-service] [           main] c.s.c.p.CertificatePerformanceTest       : No active profile set, falling back to 1 default profile: "default"
2025-12-17T15:45:31.322+02:00  INFO 25040 --- [certificate-service] [           main] .s.d.r.c.RepositoryConfigurationDelegate : Bootstrapping Spring Data JPA repositories in DEFAULT mode.
2025-12-17T15:45:31.528+02:00  INFO 25040 --- [certificate-service] [           main] .s.d.r.c.RepositoryConfigurationDelegate : Finished Spring Data repository scanning in 184 ms. Found 4 JPA repository interfaces.
2025-12-17T15:45:32.951+02:00  INFO 25040 --- [certificate-service] [           main] o.hibernate.jpa.internal.util.LogHelper  : HHH000204: Processing PersistenceUnitInfo [name: default]
2025-12-17T15:45:33.138+02:00  INFO 25040 --- [certificate-service] [           main] org.hibernate.Version                    : HHH000412: Hibernate ORM core version 6.3.1.Final
2025-12-17T15:45:33.297+02:00  INFO 25040 --- [certificate-service] [           main] o.h.c.internal.RegionFactoryInitiator    : HHH000026: Second-level cache disabled
2025-12-17T15:45:34.112+02:00  INFO 25040 --- [certificate-service] [           main] o.s.o.j.p.SpringPersistenceUnitInfo      : No LoadTimeWeaver setup: ignoring JPA class transformer
2025-12-17T15:45:34.213+02:00  WARN 25040 --- [certificate-service] [           main] org.hibernate.orm.deprecation            : HHH90000025: PostgreSQLDialect does not need to be specified explicitly using 'hibernate.dialect' (remove the property setting and it will be selected by default)
2025-12-17T15:45:36.970+02:00  INFO 25040 --- [certificate-service] [           main] o.h.e.t.j.p.i.JtaPlatformInitiator       : HHH000489: No JTA platform available (set 'hibernate.transaction.jta.platform' to enable JTA platform integration)
2025-12-17T15:45:37.015+02:00  INFO 25040 --- [certificate-service] [           main] com.zaxxer.hikari.HikariDataSource       : HikariPool-1 - Starting...
2025-12-17T15:45:37.400+02:00  INFO 25040 --- [certificate-service] [           main] com.zaxxer.hikari.pool.HikariPool        : HikariPool-1 - Added connection org.postgresql.jdbc.PgConnection@37526ddf
2025-12-17T15:45:37.400+02:00  INFO 25040 --- [certificate-service] [           main] com.zaxxer.hikari.HikariDataSource       : HikariPool-1 - Start completed.
2025-12-17T15:45:37.643+02:00  INFO 25040 --- [certificate-service] [           main] j.LocalContainerEntityManagerFactoryBean : Initialized JPA EntityManagerFactory for persistence unit 'default'
2025-12-17T15:45:38.542+02:00  INFO 25040 --- [certificate-service] [           main] o.s.d.j.r.query.QueryEnhancerFactory     : Hibernate is in classpath; If applicable, HQL parser will be used.
2025-12-17T15:45:40.151+02:00  WARN 25040 --- [certificate-service] [           main] JpaBaseConfiguration$JpaWebConfiguration : spring.jpa.open-in-view is enabled by default. Therefore, database queries may be performed during view rendering. Explicitly configure spring.jpa.open-in-view to disable this warning
2025-12-17T15:45:40.913+02:00  INFO 25040 --- [certificate-service] [           main] o.s.s.web.DefaultSecurityFilterChain     : Will secure any request with [org.springframework.security.web.session.DisableEncodeUrlFilter@6652f18d, org.springframework.security.web.context.request.async.WebAsyncManagerIntegrationFilter@3e74e184, org.springframework.security.web.context.SecurityContextHolderFilter@45a285b1, org.springframework.security.web.header.HeaderWriterFilter@6047906e, org.springframework.web.filter.CorsFilter@2f62c5fb, org.springframework.security.web.authentication.logout.LogoutFilter@1f1896fe, com.seccertificate.certificateservice.security.ApiKeyAuthenticationFilter@55e397e3, com.seccertificate.certificateservice.security.JwtAuthenticationFilter@5f4db912, org.springframework.security.web.savedrequest.RequestCacheAwareFilter@76d1b576, org.springframework.security.web.servletapi.SecurityContextHolderAwareRequestFilter@44c881c9, org.springframework.security.web.authentication.AnonymousAuthenticationFilter@76b6e5ab, org.springframework.security.web.session.SessionManagementFilter@2af3682f, org.springframework.security.web.access.ExceptionTranslationFilter@6b84f2be, org.springframework.security.web.access.intercept.AuthorizationFilter@7abfab1]
2025-12-17T15:45:41.741+02:00  INFO 25040 --- [certificate-service] [           main] c.s.c.p.CertificatePerformanceTest       : Started CertificatePerformanceTest in 13.78 seconds (process running for 17.425)
2025-12-17T15:45:42.528+02:00  INFO 25040 --- [certificate-service] [     cert-gen-1] c.s.c.service.CertificateService         : Batch certificate generation started for customer: 1, count: 100
2025-12-17T15:45:43.807+02:00  INFO 25040 --- [certificate-service] [     cert-gen-1] c.s.c.service.PdfGenerationService       : Certificate PDF generated: .\certificates\certificate_30be397f-e3ba-4b70-83d2-ebf6cda09c50.pdf
2025-12-17T15:45:43.895+02:00  INFO 25040 --- [certificate-service] [     cert-gen-1] c.s.c.service.PdfGenerationService       : Certificate PDF generated: .\certificates\certificate_c1a81184-3195-49a9-a25f-74f73ed444c3.pdf
2025-12-17T15:45:43.994+02:00  INFO 25040 --- [certificate-service] [     cert-gen-1] c.s.c.service.PdfGenerationService       : Certificate PDF generated: .\certificates\certificate_78640df1-56bc-49be-b781-ba8a2acaf446.pdf
2025-12-17T15:45:44.112+02:00  INFO 25040 --- [certificate-service] [     cert-gen-1] c.s.c.service.PdfGenerationService       : Certificate PDF generated: .\certificates\certificate_ed5bf2f3-a7f0-4f63-b983-2806ac68ddc2.pdf
2025-12-17T15:45:44.215+02:00  INFO 25040 --- [certificate-service] [     cert-gen-1] c.s.c.service.PdfGenerationService       : Certificate PDF generated: .\certificates\certificate_66bf0f07-32a3-4830-967f-7c20a308fb6e.pdf
2025-12-17T15:45:44.304+02:00  INFO 25040 --- [certificate-service] [     cert-gen-1] c.s.c.service.PdfGenerationService       : Certificate PDF generated: .\certificates\certificate_0e240d77-a239-4473-ae20-1e2c7ae7ca64.pdf
2025-12-17T15:45:44.393+02:00  INFO 25040 --- [certificate-service] [     cert-gen-1] c.s.c.service.PdfGenerationService       : Certificate PDF generated: .\certificates\certificate_48afac50-96c6-4ae3-aac2-8dca4fd927ae.pdf
2025-12-17T15:45:44.504+02:00  INFO 25040 --- [certificate-service] [     cert-gen-1] c.s.c.service.PdfGenerationService       : Certificate PDF generated: .\certificates\certificate_03c2a050-6f5d-4ada-b320-965daaf4d319.pdf
2025-12-17T15:45:44.587+02:00  INFO 25040 --- [certificate-service] [     cert-gen-1] c.s.c.service.PdfGenerationService       : Certificate PDF generated: .\certificates\certificate_91b5663d-5716-4b67-91a9-ea3d083220a2.pdf
2025-12-17T15:45:44.675+02:00  INFO 25040 --- [certificate-service] [     cert-gen-1] c.s.c.service.PdfGenerationService       : Certificate PDF generated: .\certificates\certificate_2878e61d-783b-4f89-932d-2837238277fa.pdf
2025-12-17T15:45:44.750+02:00  INFO 25040 --- [certificate-service] [     cert-gen-1] c.s.c.service.PdfGenerationService       : Certificate PDF generated: .\certificates\certificate_cfd1063e-a7fb-4809-8d75-8f1b21c3c469.pdf
2025-12-17T15:45:44.832+02:00  INFO 25040 --- [certificate-service] [     cert-gen-1] c.s.c.service.PdfGenerationService       : Certificate PDF generated: .\certificates\certificate_e8f0ba5e-fe49-46ce-9285-629bcb003fb6.pdf
2025-12-17T15:45:44.916+02:00  INFO 25040 --- [certificate-service] [     cert-gen-1] c.s.c.service.PdfGenerationService       : Certificate PDF generated: .\certificates\certificate_8ff9f894-e45c-45e2-b259-3326e5883049.pdf
2025-12-17T15:45:45.011+02:00  INFO 25040 --- [certificate-service] [     cert-gen-1] c.s.c.service.PdfGenerationService       : Certificate PDF generated: .\certificates\certificate_001ea0dd-5dcf-46b0-beb2-322c64515c85.pdf
2025-12-17T15:45:45.117+02:00  INFO 25040 --- [certificate-service] [     cert-gen-1] c.s.c.service.PdfGenerationService       : Certificate PDF generated: .\certificates\certificate_79914cfe-ecad-428e-86a5-20e23369f330.pdf
2025-12-17T15:45:45.193+02:00  INFO 25040 --- [certificate-service] [     cert-gen-1] c.s.c.service.PdfGenerationService       : Certificate PDF generated: .\certificates\certificate_39031966-10f8-4f38-b98c-f6f4a4c66e93.pdf
2025-12-17T15:45:45.271+02:00  INFO 25040 --- [certificate-service] [     cert-gen-1] c.s.c.service.PdfGenerationService       : Certificate PDF generated: .\certificates\certificate_46542cfc-b17d-4709-bc22-4421e3a66dde.pdf
2025-12-17T15:45:45.337+02:00  INFO 25040 --- [certificate-service] [     cert-gen-1] c.s.c.service.PdfGenerationService       : Certificate PDF generated: .\certificates\certificate_acd2ee45-9b55-494e-b857-0ef57010975c.pdf
2025-12-17T15:45:45.394+02:00  INFO 25040 --- [certificate-service] [     cert-gen-1] c.s.c.service.PdfGenerationService       : Certificate PDF generated: .\certificates\certificate_0258be23-42bf-4452-8662-439571c69be8.pdf
2025-12-17T15:45:45.464+02:00  INFO 25040 --- [certificate-service] [     cert-gen-1] c.s.c.service.PdfGenerationService       : Certificate PDF generated: .\certificates\certificate_b961baed-7e69-4587-96df-e91cc1c63ba7.pdf
2025-12-17T15:45:45.529+02:00  INFO 25040 --- [certificate-service] [     cert-gen-1] c.s.c.service.PdfGenerationService       : Certificate PDF generated: .\certificates\certificate_b8a071fa-9853-4568-b0f3-35480c35f88d.pdf
2025-12-17T15:45:45.599+02:00  INFO 25040 --- [certificate-service] [     cert-gen-1] c.s.c.service.PdfGenerationService       : Certificate PDF generated: .\certificates\certificate_60227edb-671e-4487-9a81-beda02d96392.pdf
2025-12-17T15:45:45.726+02:00  INFO 25040 --- [certificate-service] [     cert-gen-1] c.s.c.service.PdfGenerationService       : Certificate PDF generated: .\certificates\certificate_f3082818-211b-44f8-a6c5-ec406df3b585.pdf
2025-12-17T15:45:45.875+02:00  INFO 25040 --- [certificate-service] [     cert-gen-1] c.s.c.service.PdfGenerationService       : Certificate PDF generated: .\certificates\certificate_772b84c9-387c-4aba-9a1e-0df4213c6941.pdf
2025-12-17T15:45:45.979+02:00  INFO 25040 --- [certificate-service] [     cert-gen-1] c.s.c.service.PdfGenerationService       : Certificate PDF generated: .\certificates\certificate_65a5de6d-2e7a-487e-b61a-3fa4663a2936.pdf
2025-12-17T15:45:46.058+02:00  INFO 25040 --- [certificate-service] [     cert-gen-1] c.s.c.service.PdfGenerationService       : Certificate PDF generated: .\certificates\certificate_9fbe5330-296a-46c2-ad45-6bc88e1ad814.pdf
2025-12-17T15:45:46.133+02:00  INFO 25040 --- [certificate-service] [     cert-gen-1] c.s.c.service.PdfGenerationService       : Certificate PDF generated: .\certificates\certificate_7b261e44-2781-46f4-a58d-94da00bd69f3.pdf
2025-12-17T15:45:46.207+02:00  INFO 25040 --- [certificate-service] [     cert-gen-1] c.s.c.service.PdfGenerationService       : Certificate PDF generated: .\certificates\certificate_57aedd78-44fd-4982-9b3a-43276db0d073.pdf
2025-12-17T15:45:46.292+02:00  INFO 25040 --- [certificate-service] [     cert-gen-1] c.s.c.service.PdfGenerationService       : Certificate PDF generated: .\certificates\certificate_88dd5a79-cf80-42e1-8fa8-12fc560edb83.pdf
2025-12-17T15:45:46.403+02:00  INFO 25040 --- [certificate-service] [     cert-gen-1] c.s.c.service.PdfGenerationService       : Certificate PDF generated: .\certificates\certificate_936eedbc-7c6e-4c1d-b9b9-626640d5a774.pdf
2025-12-17T15:45:46.505+02:00  INFO 25040 --- [certificate-service] [     cert-gen-1] c.s.c.service.PdfGenerationService       : Certificate PDF generated: .\certificates\certificate_9af23fd7-e6b5-409d-b8cd-9255777eb006.pdf
2025-12-17T15:45:46.680+02:00  INFO 25040 --- [certificate-service] [     cert-gen-1] c.s.c.service.PdfGenerationService       : Certificate PDF generated: .\certificates\certificate_f9e8c9ab-3bc3-4aff-acf4-1a63277d6f39.pdf
2025-12-17T15:45:46.762+02:00  INFO 25040 --- [certificate-service] [     cert-gen-1] c.s.c.service.PdfGenerationService       : Certificate PDF generated: .\certificates\certificate_879eff0a-be61-4adb-be0c-3da0b135b05d.pdf
2025-12-17T15:45:46.846+02:00  INFO 25040 --- [certificate-service] [     cert-gen-1] c.s.c.service.PdfGenerationService       : Certificate PDF generated: .\certificates\certificate_3fb35a5b-477d-4207-b61e-a3c75bc9e753.pdf
2025-12-17T15:45:46.929+02:00  INFO 25040 --- [certificate-service] [     cert-gen-1] c.s.c.service.PdfGenerationService       : Certificate PDF generated: .\certificates\certificate_8f799b9b-4d0e-4e0f-bab7-95ca52400e87.pdf
2025-12-17T15:45:47.004+02:00  INFO 25040 --- [certificate-service] [     cert-gen-1] c.s.c.service.PdfGenerationService       : Certificate PDF generated: .\certificates\certificate_99163dcb-a4e3-4820-ba86-4e12f1685e79.pdf
2025-12-17T15:45:47.079+02:00  INFO 25040 --- [certificate-service] [     cert-gen-1] c.s.c.service.PdfGenerationService       : Certificate PDF generated: .\certificates\certificate_1796950a-268d-4229-8cd6-0b7c7a0f3499.pdf
2025-12-17T15:45:47.156+02:00  INFO 25040 --- [certificate-service] [     cert-gen-1] c.s.c.service.PdfGenerationService       : Certificate PDF generated: .\certificates\certificate_42643754-9f40-4f96-a5e0-e5e95f455499.pdf
2025-12-17T15:45:47.236+02:00  INFO 25040 --- [certificate-service] [     cert-gen-1] c.s.c.service.PdfGenerationService       : Certificate PDF generated: .\certificates\certificate_f1b95311-9d47-41b2-87b1-b64a8207041d.pdf
2025-12-17T15:45:47.302+02:00  INFO 25040 --- [certificate-service] [     cert-gen-1] c.s.c.service.PdfGenerationService       : Certificate PDF generated: .\certificates\certificate_53ca23b6-97f2-4010-abb0-03ab5517134f.pdf
2025-12-17T15:45:47.364+02:00  INFO 25040 --- [certificate-service] [     cert-gen-1] c.s.c.service.PdfGenerationService       : Certificate PDF generated: .\certificates\certificate_7f881fbd-bde6-406c-98b1-2e99aa47d1ca.pdf
2025-12-17T15:45:47.420+02:00  INFO 25040 --- [certificate-service] [     cert-gen-1] c.s.c.service.PdfGenerationService       : Certificate PDF generated: .\certificates\certificate_b672659a-8486-4569-bd91-c6c6e07808ff.pdf
2025-12-17T15:45:47.478+02:00  INFO 25040 --- [certificate-service] [     cert-gen-1] c.s.c.service.PdfGenerationService       : Certificate PDF generated: .\certificates\certificate_7cf82839-00c7-4e52-bd0d-d267e3e89686.pdf
2025-12-17T15:45:47.539+02:00  INFO 25040 --- [certificate-service] [     cert-gen-1] c.s.c.service.PdfGenerationService       : Certificate PDF generated: .\certificates\certificate_f25f34b9-c585-4a58-a008-7e616aa987ba.pdf
2025-12-17T15:45:47.597+02:00  INFO 25040 --- [certificate-service] [     cert-gen-1] c.s.c.service.PdfGenerationService       : Certificate PDF generated: .\certificates\certificate_e24af7a8-ea83-4989-9a46-5832be803ca2.pdf
2025-12-17T15:45:47.664+02:00  INFO 25040 --- [certificate-service] [     cert-gen-1] c.s.c.service.PdfGenerationService       : Certificate PDF generated: .\certificates\certificate_6712b872-f95e-4510-a3b0-19ecae73269f.pdf
2025-12-17T15:45:47.723+02:00  INFO 25040 --- [certificate-service] [     cert-gen-1] c.s.c.service.PdfGenerationService       : Certificate PDF generated: .\certificates\certificate_f5d6f6e0-33a2-4e9a-990e-9e24361f38df.pdf
2025-12-17T15:45:47.806+02:00  INFO 25040 --- [certificate-service] [     cert-gen-1] c.s.c.service.PdfGenerationService       : Certificate PDF generated: .\certificates\certificate_0f468075-0a2b-4d0a-b43d-83cd94c4b745.pdf
2025-12-17T15:45:47.885+02:00  INFO 25040 --- [certificate-service] [     cert-gen-1] c.s.c.service.PdfGenerationService       : Certificate PDF generated: .\certificates\certificate_3dfbbb9e-ea9a-43f1-b022-d3d916ff486b.pdf
2025-12-17T15:45:47.965+02:00  INFO 25040 --- [certificate-service] [     cert-gen-1] c.s.c.service.PdfGenerationService       : Certificate PDF generated: .\certificates\certificate_d5d26fd8-69a9-4884-97b4-26049870c2ac.pdf
2025-12-17T15:45:48.026+02:00  INFO 25040 --- [certificate-service] [     cert-gen-1] c.s.c.service.PdfGenerationService       : Certificate PDF generated: .\certificates\certificate_5c22722f-3baf-49bc-b893-2fef605d4a07.pdf
2025-12-17T15:45:48.098+02:00  INFO 25040 --- [certificate-service] [     cert-gen-1] c.s.c.service.PdfGenerationService       : Certificate PDF generated: .\certificates\certificate_3231acea-080b-457f-b0ae-a01970a48159.pdf
2025-12-17T15:45:48.180+02:00  INFO 25040 --- [certificate-service] [     cert-gen-1] c.s.c.service.PdfGenerationService       : Certificate PDF generated: .\certificates\certificate_d0cf532f-b287-4d43-b297-70bffad60c77.pdf
2025-12-17T15:45:48.277+02:00  INFO 25040 --- [certificate-service] [     cert-gen-1] c.s.c.service.PdfGenerationService       : Certificate PDF generated: .\certificates\certificate_6bd5f435-fe63-4612-bca8-252ac7a4840e.pdf
2025-12-17T15:45:48.376+02:00  INFO 25040 --- [certificate-service] [     cert-gen-1] c.s.c.service.PdfGenerationService       : Certificate PDF generated: .\certificates\certificate_dbad9d6c-66d7-48e3-97f6-97752dc6c757.pdf
2025-12-17T15:45:48.478+02:00  INFO 25040 --- [certificate-service] [     cert-gen-1] c.s.c.service.PdfGenerationService       : Certificate PDF generated: .\certificates\certificate_f0919c03-61d5-475b-846f-0fc65b76efa0.pdf
2025-12-17T15:45:48.561+02:00  INFO 25040 --- [certificate-service] [     cert-gen-1] c.s.c.service.PdfGenerationService       : Certificate PDF generated: .\certificates\certificate_71f52706-efb2-4dc9-ad68-c1a3331e853e.pdf
2025-12-17T15:45:48.629+02:00  INFO 25040 --- [certificate-service] [     cert-gen-1] c.s.c.service.PdfGenerationService       : Certificate PDF generated: .\certificates\certificate_97a5d24e-c3aa-4fef-b2bc-e411a9802647.pdf
2025-12-17T15:45:48.697+02:00  INFO 25040 --- [certificate-service] [     cert-gen-1] c.s.c.service.PdfGenerationService       : Certificate PDF generated: .\certificates\certificate_62eb81bf-85c1-4ca5-bc84-43a50192f6b0.pdf
2025-12-17T15:45:48.765+02:00  INFO 25040 --- [certificate-service] [     cert-gen-1] c.s.c.service.PdfGenerationService       : Certificate PDF generated: .\certificates\certificate_35f60d29-acac-4ad8-bd6c-1f2a3f691bf3.pdf
2025-12-17T15:45:48.828+02:00  INFO 25040 --- [certificate-service] [     cert-gen-1] c.s.c.service.PdfGenerationService       : Certificate PDF generated: .\certificates\certificate_1e6254d9-a961-4de6-a681-c94ecbc1c9c3.pdf
2025-12-17T15:45:48.908+02:00  INFO 25040 --- [certificate-service] [     cert-gen-1] c.s.c.service.PdfGenerationService       : Certificate PDF generated: .\certificates\certificate_774ac4a3-853a-404f-9d69-991e4638776f.pdf
2025-12-17T15:45:48.996+02:00  INFO 25040 --- [certificate-service] [     cert-gen-1] c.s.c.service.PdfGenerationService       : Certificate PDF generated: .\certificates\certificate_e0dc9ec1-7e0b-48ed-964d-52c367da39da.pdf
2025-12-17T15:45:49.076+02:00  INFO 25040 --- [certificate-service] [     cert-gen-1] c.s.c.service.PdfGenerationService       : Certificate PDF generated: .\certificates\certificate_112c3aae-d38d-4464-baf2-217bb8040d6c.pdf
2025-12-17T15:45:49.162+02:00  INFO 25040 --- [certificate-service] [     cert-gen-1] c.s.c.service.PdfGenerationService       : Certificate PDF generated: .\certificates\certificate_90013d0f-4266-4d6c-a096-d8ecebf6a125.pdf
2025-12-17T15:45:49.247+02:00  INFO 25040 --- [certificate-service] [     cert-gen-1] c.s.c.service.PdfGenerationService       : Certificate PDF generated: .\certificates\certificate_e1f1ea33-6dad-4d58-b4d9-9d0ce3273d22.pdf
2025-12-17T15:45:49.321+02:00  INFO 25040 --- [certificate-service] [     cert-gen-1] c.s.c.service.PdfGenerationService       : Certificate PDF generated: .\certificates\certificate_65c6dd2a-98d8-4f37-9703-c6f0061d949e.pdf
2025-12-17T15:45:49.387+02:00  INFO 25040 --- [certificate-service] [     cert-gen-1] c.s.c.service.PdfGenerationService       : Certificate PDF generated: .\certificates\certificate_0480c73b-a1c8-4dee-9ff6-68af2eab7868.pdf
2025-12-17T15:45:49.459+02:00  INFO 25040 --- [certificate-service] [     cert-gen-1] c.s.c.service.PdfGenerationService       : Certificate PDF generated: .\certificates\certificate_2a92bb4b-c77c-4fcc-8dd0-b3d20a47ca54.pdf
2025-12-17T15:45:49.540+02:00  INFO 25040 --- [certificate-service] [     cert-gen-1] c.s.c.service.PdfGenerationService       : Certificate PDF generated: .\certificates\certificate_59359dac-1b7a-4fd4-9777-553a8e310198.pdf
2025-12-17T15:45:49.614+02:00  INFO 25040 --- [certificate-service] [     cert-gen-1] c.s.c.service.PdfGenerationService       : Certificate PDF generated: .\certificates\certificate_194a598a-9ff5-4c0b-93b9-3b1d842e2911.pdf
2025-12-17T15:45:49.690+02:00  INFO 25040 --- [certificate-service] [     cert-gen-1] c.s.c.service.PdfGenerationService       : Certificate PDF generated: .\certificates\certificate_225584b4-9e9f-4d3f-b582-313c3929142d.pdf
2025-12-17T15:45:49.756+02:00  INFO 25040 --- [certificate-service] [     cert-gen-1] c.s.c.service.PdfGenerationService       : Certificate PDF generated: .\certificates\certificate_692ab209-bf07-4e9d-8281-838984f7330e.pdf
2025-12-17T15:45:49.812+02:00  INFO 25040 --- [certificate-service] [     cert-gen-1] c.s.c.service.PdfGenerationService       : Certificate PDF generated: .\certificates\certificate_483e5949-c4dd-4e84-a92e-873fd4b6e346.pdf
2025-12-17T15:45:49.877+02:00  INFO 25040 --- [certificate-service] [     cert-gen-1] c.s.c.service.PdfGenerationService       : Certificate PDF generated: .\certificates\certificate_c125584d-d553-44fa-9673-da98637dc404.pdf
2025-12-17T15:45:49.937+02:00  INFO 25040 --- [certificate-service] [     cert-gen-1] c.s.c.service.PdfGenerationService       : Certificate PDF generated: .\certificates\certificate_df864084-666d-476c-bbb3-3e8df0840f76.pdf
2025-12-17T15:45:50.006+02:00  INFO 25040 --- [certificate-service] [     cert-gen-1] c.s.c.service.PdfGenerationService       : Certificate PDF generated: .\certificates\certificate_6746d9b8-be4a-40d8-986a-3b3f480d2280.pdf
2025-12-17T15:45:50.074+02:00  INFO 25040 --- [certificate-service] [     cert-gen-1] c.s.c.service.PdfGenerationService       : Certificate PDF generated: .\certificates\certificate_2b2bb592-4cbf-4219-9b2c-281a53f7e780.pdf
2025-12-17T15:45:50.149+02:00  INFO 25040 --- [certificate-service] [     cert-gen-1] c.s.c.service.PdfGenerationService       : Certificate PDF generated: .\certificates\certificate_c9f07390-d262-478d-97ba-96edff96ef75.pdf
2025-12-17T15:45:50.229+02:00  INFO 25040 --- [certificate-service] [     cert-gen-1] c.s.c.service.PdfGenerationService       : Certificate PDF generated: .\certificates\certificate_08e289d3-f4a2-42c2-9e86-daa4efb776a2.pdf
2025-12-17T15:45:50.308+02:00  INFO 25040 --- [certificate-service] [     cert-gen-1] c.s.c.service.PdfGenerationService       : Certificate PDF generated: .\certificates\certificate_e304df4e-f51f-44d6-9691-4c518ddbc1bb.pdf
2025-12-17T15:45:50.379+02:00  INFO 25040 --- [certificate-service] [     cert-gen-1] c.s.c.service.PdfGenerationService       : Certificate PDF generated: .\certificates\certificate_faa78915-8a19-4c89-a9f1-9e9f922f254a.pdf
2025-12-17T15:45:50.444+02:00  INFO 25040 --- [certificate-service] [     cert-gen-1] c.s.c.service.PdfGenerationService       : Certificate PDF generated: .\certificates\certificate_cb65c053-d571-4944-917a-5035b179d305.pdf
2025-12-17T15:45:50.513+02:00  INFO 25040 --- [certificate-service] [     cert-gen-1] c.s.c.service.PdfGenerationService       : Certificate PDF generated: .\certificates\certificate_a3502bc0-227b-4918-9271-7ede8f444fde.pdf
2025-12-17T15:45:50.586+02:00  INFO 25040 --- [certificate-service] [     cert-gen-1] c.s.c.service.PdfGenerationService       : Certificate PDF generated: .\certificates\certificate_bd28b791-32e8-4528-88f6-0621831a1126.pdf
2025-12-17T15:45:50.652+02:00  INFO 25040 --- [certificate-service] [     cert-gen-1] c.s.c.service.PdfGenerationService       : Certificate PDF generated: .\certificates\certificate_bccfad74-d520-4aba-b691-6d476c359438.pdf
2025-12-17T15:45:50.710+02:00  INFO 25040 --- [certificate-service] [     cert-gen-1] c.s.c.service.PdfGenerationService       : Certificate PDF generated: .\certificates\certificate_b537d773-bb6b-446f-bea2-50ab4fb304d9.pdf
2025-12-17T15:45:50.766+02:00  INFO 25040 --- [certificate-service] [     cert-gen-1] c.s.c.service.PdfGenerationService       : Certificate PDF generated: .\certificates\certificate_394b8430-e18a-4d20-a457-906d065908f8.pdf
2025-12-17T15:45:50.826+02:00  INFO 25040 --- [certificate-service] [     cert-gen-1] c.s.c.service.PdfGenerationService       : Certificate PDF generated: .\certificates\certificate_67dc6925-640a-47e7-b146-2dfe594952f7.pdf
2025-12-17T15:45:50.879+02:00  INFO 25040 --- [certificate-service] [     cert-gen-1] c.s.c.service.PdfGenerationService       : Certificate PDF generated: .\certificates\certificate_7935ae86-d4c8-43d4-a761-d34dfea5a682.pdf
2025-12-17T15:45:50.940+02:00  INFO 25040 --- [certificate-service] [     cert-gen-1] c.s.c.service.PdfGenerationService       : Certificate PDF generated: .\certificates\certificate_b44e2edb-6f82-4df0-8cd1-ff22b167e6f7.pdf
2025-12-17T15:45:50.996+02:00  INFO 25040 --- [certificate-service] [     cert-gen-1] c.s.c.service.PdfGenerationService       : Certificate PDF generated: .\certificates\certificate_900fd882-1dc2-4eb5-ac16-cdfbec6fcb75.pdf
2025-12-17T15:45:51.052+02:00  INFO 25040 --- [certificate-service] [     cert-gen-1] c.s.c.service.PdfGenerationService       : Certificate PDF generated: .\certificates\certificate_05fec126-b5fd-495c-ade1-1202f7122621.pdf
2025-12-17T15:45:51.105+02:00  INFO 25040 --- [certificate-service] [     cert-gen-1] c.s.c.service.PdfGenerationService       : Certificate PDF generated: .\certificates\certificate_7f8966ab-fb69-4812-90ef-8c238d45d3ff.pdf
2025-12-17T15:45:51.160+02:00  INFO 25040 --- [certificate-service] [     cert-gen-1] c.s.c.service.PdfGenerationService       : Certificate PDF generated: .\certificates\certificate_c11732fe-b56b-4042-a0d8-67f9bdd0f97c.pdf
2025-12-17T15:45:51.210+02:00  INFO 25040 --- [certificate-service] [     cert-gen-1] c.s.c.service.PdfGenerationService       : Certificate PDF generated: .\certificates\certificate_9d299014-389f-4e30-9dc9-570678f7f18e.pdf
2025-12-17T15:45:51.264+02:00  INFO 25040 --- [certificate-service] [     cert-gen-1] c.s.c.service.PdfGenerationService       : Certificate PDF generated: .\certificates\certificate_c91e5e85-9b48-4c73-9212-9442edc56efe.pdf
2025-12-17T15:45:51.311+02:00  INFO 25040 --- [certificate-service] [     cert-gen-1] c.s.c.service.PdfGenerationService       : Certificate PDF generated: .\certificates\certificate_a8af394a-c287-4090-be47-8f5ca4fc23cd.pdf
2025-12-17T15:45:51.364+02:00  INFO 25040 --- [certificate-service] [     cert-gen-1] c.s.c.service.PdfGenerationService       : Certificate PDF generated: .\certificates\certificate_04a2705a-fc47-472e-b9a0-3ed2c7aa4ed3.pdf
2025-12-17T15:45:51.414+02:00  INFO 25040 --- [certificate-service] [     cert-gen-1] c.s.c.service.PdfGenerationService       : Certificate PDF generated: .\certificates\certificate_43b45741-466e-4f2b-b855-f5da6d3fe158.pdf
2025-12-17T15:45:52.161+02:00  INFO 25040 --- [certificate-service] [     cert-gen-1] c.s.c.service.CertificateService         : Batch certificate generation completed. Success: 100, Failed: 0
✅ Generated 100 certificates (batch) in 9 seconds
📊 Batch throughput: 11.11111111111111 certificates/second
]]></system-out>
  </testcase>
  <testcase name="shouldGenerate1000CertificatesUnder60Seconds" classname="com.seccertificate.certificateservice.performance.CertificatePerformanceTest" time="0.078">
    <error message="ExecutorService in active state did not accept task: java.util.concurrent.CompletableFuture$AsyncSupply@54f1c59c" type="org.springframework.core.task.TaskRejectedException"><![CDATA[org.springframework.core.task.TaskRejectedException: ExecutorService in active state did not accept task: java.util.concurrent.CompletableFuture$AsyncSupply@54f1c59c
	at org.springframework.scheduling.concurrent.ThreadPoolTaskExecutor.execute(ThreadPoolTaskExecutor.java:365)
	at java.base/java.util.concurrent.CompletableFuture.completeAsync(CompletableFuture.java:2673)
	at org.springframework.util.concurrent.FutureUtils.callAsync(FutureUtils.java:68)
	at org.springframework.core.task.AsyncTaskExecutor.submitCompletable(AsyncTaskExecutor.java:136)
	at org.springframework.aop.interceptor.AsyncExecutionAspectSupport.doSubmit(AsyncExecutionAspectSupport.java:285)
	at org.springframework.aop.interceptor.AsyncExecutionInterceptor.invoke(AsyncExecutionInterceptor.java:129)
	at org.springframework.aop.framework.ReflectiveMethodInvocation.proceed(ReflectiveMethodInvocation.java:184)
	at org.springframework.aop.framework.CglibAopProxy$CglibMethodInvocation.proceed(CglibAopProxy.java:765)
	at org.springframework.aop.framework.CglibAopProxy$DynamicAdvisedInterceptor.intercept(CglibAopProxy.java:717)
	at com.seccertificate.certificateservice.service.CertificateService$$SpringCGLIB$$0.generateCertificateAsync(<generated>)
	at com.seccertificate.certificateservice.performance.CertificatePerformanceTest.shouldGenerate1000CertificatesUnder60Seconds(CertificatePerformanceTest.java:85)
	at java.base/java.lang.reflect.Method.invoke(Method.java:569)
	at java.base/java.util.ArrayList.forEach(ArrayList.java:1511)
	at java.base/java.util.ArrayList.forEach(ArrayList.java:1511)
Caused by: java.util.concurrent.RejectedExecutionException: Task java.util.concurrent.CompletableFuture$AsyncSupply@54f1c59c rejected from org.springframework.scheduling.concurrent.ThreadPoolTaskExecutor$1@61f576dc[Running, pool size = 50, active threads = 50, queued tasks = 500, completed tasks = 1]
	at java.base/java.util.concurrent.ThreadPoolExecutor$AbortPolicy.rejectedExecution(ThreadPoolExecutor.java:2065)
	at java.base/java.util.concurrent.ThreadPoolExecutor.reject(ThreadPoolExecutor.java:833)
	at java.base/java.util.concurrent.ThreadPoolExecutor.execute(ThreadPoolExecutor.java:1365)
	at org.springframework.scheduling.concurrent.ThreadPoolTaskExecutor$1.execute(ThreadPoolTaskExecutor.java:269)
	at org.springframework.scheduling.concurrent.ThreadPoolTaskExecutor.execute(ThreadPoolTaskExecutor.java:362)
	... 13 more
]]></error>
    <system-out><![CDATA[2025-12-17T15:45:52.311+02:00  INFO 25040 --- [certificate-service] [     cert-gen-2] c.s.c.service.CertificateService         : Async certificate generation started for customer: 1
2025-12-17T15:45:52.316+02:00  INFO 25040 --- [certificate-service] [     cert-gen-3] c.s.c.service.CertificateService         : Async certificate generation started for customer: 1
2025-12-17T15:45:52.316+02:00  INFO 25040 --- [certificate-service] [     cert-gen-5] c.s.c.service.CertificateService         : Async certificate generation started for customer: 1
2025-12-17T15:45:52.316+02:00  INFO 25040 --- [certificate-service] [     cert-gen-6] c.s.c.service.CertificateService         : Async certificate generation started for customer: 1
2025-12-17T15:45:52.317+02:00  INFO 25040 --- [certificate-service] [     cert-gen-4] c.s.c.service.CertificateService         : Async certificate generation started for customer: 1
2025-12-17T15:45:52.318+02:00  INFO 25040 --- [certificate-service] [     cert-gen-1] c.s.c.service.CertificateService         : Async certificate generation started for customer: 1
2025-12-17T15:45:52.318+02:00  INFO 25040 --- [certificate-service] [     cert-gen-7] c.s.c.service.CertificateService         : Async certificate generation started for customer: 1
2025-12-17T15:45:52.318+02:00  INFO 25040 --- [certificate-service] [    cert-gen-10] c.s.c.service.CertificateService         : Async certificate generation started for customer: 1
2025-12-17T15:45:52.318+02:00  INFO 25040 --- [certificate-service] [     cert-gen-9] c.s.c.service.CertificateService         : Async certificate generation started for customer: 1
2025-12-17T15:45:52.321+02:00  INFO 25040 --- [certificate-service] [     cert-gen-8] c.s.c.service.CertificateService         : Async certificate generation started for customer: 1
2025-12-17T15:45:52.354+02:00  INFO 25040 --- [certificate-service] [    cert-gen-13] c.s.c.service.CertificateService         : Async certificate generation started for customer: 1
2025-12-17T15:45:52.354+02:00  INFO 25040 --- [certificate-service] [    cert-gen-11] c.s.c.service.CertificateService         : Async certificate generation started for customer: 1
2025-12-17T15:45:52.358+02:00  INFO 25040 --- [certificate-service] [    cert-gen-21] c.s.c.service.CertificateService         : Async certificate generation started for customer: 1
2025-12-17T15:45:52.361+02:00  INFO 25040 --- [certificate-service] [    cert-gen-14] c.s.c.service.CertificateService         : Async certificate generation started for customer: 1
2025-12-17T15:45:52.361+02:00  INFO 25040 --- [certificate-service] [    cert-gen-17] c.s.c.service.CertificateService         : Async certificate generation started for customer: 1
2025-12-17T15:45:52.362+02:00  INFO 25040 --- [certificate-service] [    cert-gen-12] c.s.c.service.CertificateService         : Async certificate generation started for customer: 1
2025-12-17T15:45:52.363+02:00  INFO 25040 --- [certificate-service] [    cert-gen-20] c.s.c.service.CertificateService         : Async certificate generation started for customer: 1
2025-12-17T15:45:52.362+02:00  INFO 25040 --- [certificate-service] [    cert-gen-23] c.s.c.service.CertificateService         : Async certificate generation started for customer: 1
2025-12-17T15:45:52.365+02:00  INFO 25040 --- [certificate-service] [    cert-gen-19] c.s.c.service.CertificateService         : Async certificate generation started for customer: 1
2025-12-17T15:45:52.365+02:00  INFO 25040 --- [certificate-service] [    cert-gen-18] c.s.c.service.CertificateService         : Async certificate generation started for customer: 1
2025-12-17T15:45:52.392+02:00  INFO 25040 --- [certificate-service] [    cert-gen-22] c.s.c.service.CertificateService         : Async certificate generation started for customer: 1
]]></system-out>
  </testcase>
  <testcase name="shouldGenerate10BatchesOf100Concurrently" classname="com.seccertificate.certificateservice.performance.CertificatePerformanceTest" time="0.022">
    <error message="ExecutorService in active state did not accept task: java.util.concurrent.CompletableFuture$AsyncSupply@33f6ce71" type="org.springframework.core.task.TaskRejectedException"><![CDATA[org.springframework.core.task.TaskRejectedException: ExecutorService in active state did not accept task: java.util.concurrent.CompletableFuture$AsyncSupply@33f6ce71
	at org.springframework.scheduling.concurrent.ThreadPoolTaskExecutor.execute(ThreadPoolTaskExecutor.java:365)
	at java.base/java.util.concurrent.CompletableFuture.completeAsync(CompletableFuture.java:2673)
	at org.springframework.util.concurrent.FutureUtils.callAsync(FutureUtils.java:68)
	at org.springframework.core.task.AsyncTaskExecutor.submitCompletable(AsyncTaskExecutor.java:136)
	at org.springframework.aop.interceptor.AsyncExecutionAspectSupport.doSubmit(AsyncExecutionAspectSupport.java:285)
	at org.springframework.aop.interceptor.AsyncExecutionInterceptor.invoke(AsyncExecutionInterceptor.java:129)
	at org.springframework.aop.framework.ReflectiveMethodInvocation.proceed(ReflectiveMethodInvocation.java:184)
	at org.springframework.aop.framework.CglibAopProxy$CglibMethodInvocation.proceed(CglibAopProxy.java:765)
	at org.springframework.aop.framework.CglibAopProxy$DynamicAdvisedInterceptor.intercept(CglibAopProxy.java:717)
	at com.seccertificate.certificateservice.service.CertificateService$$SpringCGLIB$$0.generateBatchCertificates(<generated>)
	at com.seccertificate.certificateservice.performance.CertificatePerformanceTest.shouldGenerate10BatchesOf100Concurrently(CertificatePerformanceTest.java:173)
	at java.base/java.lang.reflect.Method.invoke(Method.java:569)
	at java.base/java.util.ArrayList.forEach(ArrayList.java:1511)
	at java.base/java.util.ArrayList.forEach(ArrayList.java:1511)
Caused by: java.util.concurrent.RejectedExecutionException: Task java.util.concurrent.CompletableFuture$AsyncSupply@33f6ce71 rejected from org.springframework.scheduling.concurrent.ThreadPoolTaskExecutor$1@61f576dc[Running, pool size = 50, active threads = 50, queued tasks = 500, completed tasks = 1]
	at java.base/java.util.concurrent.ThreadPoolExecutor$AbortPolicy.rejectedExecution(ThreadPoolExecutor.java:2065)
	at java.base/java.util.concurrent.ThreadPoolExecutor.reject(ThreadPoolExecutor.java:833)
	at java.base/java.util.concurrent.ThreadPoolExecutor.execute(ThreadPoolExecutor.java:1365)
	at org.springframework.scheduling.concurrent.ThreadPoolTaskExecutor$1.execute(ThreadPoolTaskExecutor.java:269)
	at org.springframework.scheduling.concurrent.ThreadPoolTaskExecutor.execute(ThreadPoolTaskExecutor.java:362)
	... 13 more
]]></error>
  </testcase>
  <testcase name="shouldGenerate100CertificatesUnder60Seconds" classname="com.seccertificate.certificateservice.performance.CertificatePerformanceTest" time="0.029">
    <error message="ExecutorService in active state did not accept task: java.util.concurrent.CompletableFuture$AsyncSupply@5e0ef8db" type="org.springframework.core.task.TaskRejectedException"><![CDATA[org.springframework.core.task.TaskRejectedException: ExecutorService in active state did not accept task: java.util.concurrent.CompletableFuture$AsyncSupply@5e0ef8db
	at org.springframework.scheduling.concurrent.ThreadPoolTaskExecutor.execute(ThreadPoolTaskExecutor.java:365)
	at java.base/java.util.concurrent.CompletableFuture.completeAsync(CompletableFuture.java:2673)
	at org.springframework.util.concurrent.FutureUtils.callAsync(FutureUtils.java:68)
	at org.springframework.core.task.AsyncTaskExecutor.submitCompletable(AsyncTaskExecutor.java:136)
	at org.springframework.aop.interceptor.AsyncExecutionAspectSupport.doSubmit(AsyncExecutionAspectSupport.java:285)
	at org.springframework.aop.interceptor.AsyncExecutionInterceptor.invoke(AsyncExecutionInterceptor.java:129)
	at org.springframework.aop.framework.ReflectiveMethodInvocation.proceed(ReflectiveMethodInvocation.java:184)
	at org.springframework.aop.framework.CglibAopProxy$CglibMethodInvocation.proceed(CglibAopProxy.java:765)
	at org.springframework.aop.framework.CglibAopProxy$DynamicAdvisedInterceptor.intercept(CglibAopProxy.java:717)
	at com.seccertificate.certificateservice.service.CertificateService$$SpringCGLIB$$0.generateCertificateAsync(<generated>)
	at com.seccertificate.certificateservice.performance.CertificatePerformanceTest.shouldGenerate100CertificatesUnder60Seconds(CertificatePerformanceTest.java:49)
	at java.base/java.lang.reflect.Method.invoke(Method.java:569)
	at java.base/java.util.ArrayList.forEach(ArrayList.java:1511)
	at java.base/java.util.ArrayList.forEach(ArrayList.java:1511)
Caused by: java.util.concurrent.RejectedExecutionException: Task java.util.concurrent.CompletableFuture$AsyncSupply@5e0ef8db rejected from org.springframework.scheduling.concurrent.ThreadPoolTaskExecutor$1@61f576dc[Running, pool size = 50, active threads = 50, queued tasks = 500, completed tasks = 1]
	at java.base/java.util.concurrent.ThreadPoolExecutor$AbortPolicy.rejectedExecution(ThreadPoolExecutor.java:2065)
	at java.base/java.util.concurrent.ThreadPoolExecutor.reject(ThreadPoolExecutor.java:833)
	at java.base/java.util.concurrent.ThreadPoolExecutor.execute(ThreadPoolExecutor.java:1365)
	at org.springframework.scheduling.concurrent.ThreadPoolTaskExecutor$1.execute(ThreadPoolTaskExecutor.java:269)
	at org.springframework.scheduling.concurrent.ThreadPoolTaskExecutor.execute(ThreadPoolTaskExecutor.java:362)
	... 13 more
]]></error>
  </testcase>
</testsuite>