<?xml version="1.0" encoding="UTF-8"?>
<testsuite xmlns:xsi="http://www.w3.org/2001/XMLSchema-instance" xsi:noNamespaceSchemaLocation="https://maven.apache.org/surefire/maven-surefire-plugin/xsd/surefire-test-report-3.0.xsd" version="3.0" name="com.seccertificate.certificateservice.controller.AuthControllerTest" time="12.294" tests="2" errors="0" skipped="0" failures="0">
  <properties>
[...]
</properties>
  <testcase name="login_shouldReturnTokenAndApiKey" classname="com.seccertificate.certificateservice.controller.AuthControllerTest" time="1.204">
    <system-out><![CDATA[Standard Commons Logging discovery in action with spring-jcl: please remove commons-logging.jar from classpath in order to avoid potential conflicts
15:29:05.943 [main] INFO org.springframework.test.context.support.AnnotationConfigContextLoaderUtils -- Could not detect default configuration classes for test class [com.seccertificate.certificateservice.controller.AuthControllerTest]: AuthControllerTest does not declare any static, non-private, non-final, nested classes annotated with @Configuration.
15:29:06.467 [main] INFO org.springframework.boot.test.context.SpringBootTestContextBootstrapper -- Found @SpringBootConfiguration com.seccertificate.certificateservice.CertificateServiceApplication for test class com.seccertificate.certificateservice.controller.AuthControllerTest

  .   ____          _            __ _ _
 /\\ / ___'_ __ _ _(_)_ __  __ _ \ \ \ \
( ( )\___ | '_ | '_| | '_ \/ _` | \ \ \ \
 \\/  ___)| |_)| | | | | || (_| |  ) ) ) )
  '  |____| .__|_| |_|_| |_\__, | / / / /
 =========|_|==============|___/=/_/_/_/
 :: Spring Boot ::                (v3.2.0)

2025-12-17T15:29:08.335+02:00  INFO 13392 --- [certificate-service] [           main] c.s.c.controller.AuthControllerTest      : Starting AuthControllerTest using Java 17.0.17 with PID 13392 (started by LENOVO in D:\certificate-service\backend)
2025-12-17T15:29:08.342+02:00 DEBUG 13392 --- [certificate-service] [           main] c.s.c.controller.AuthControllerTest      : Running with Spring Boot v3.2.0, Spring v6.1.1
2025-12-17T15:29:08.347+02:00  INFO 13392 --- [certificate-service] [           main] c.s.c.controller.AuthControllerTest      : No active profile set, falling back to 1 default profile: "default"
2025-12-17T15:29:15.514+02:00  WARN 13392 --- [certificate-service] [           main] .s.s.UserDetailsServiceAutoConfiguration : 

Using generated security password: 39ea9997-020b-483f-8c32-6912d780d96e

This generated password is for development use only. Your security configuration must be updated before running your application in production.

2025-12-17T15:29:16.104+02:00  INFO 13392 --- [certificate-service] [           main] o.s.s.web.DefaultSecurityFilterChain     : Will secure any request with [org.springframework.security.web.session.DisableEncodeUrlFilter@6142b9dd, org.springframework.security.web.context.request.async.WebAsyncManagerIntegrationFilter@5bd11ad6, org.springframework.security.web.context.SecurityContextHolderFilter@67afba96, org.springframework.security.web.header.HeaderWriterFilter@724945, org.springframework.web.filter.CorsFilter@5ffaac1f, org.springframework.security.web.csrf.CsrfFilter@25ee6683, org.springframework.security.web.authentication.logout.LogoutFilter@53eb4dae, org.springframework.security.web.authentication.UsernamePasswordAuthenticationFilter@6701fbf3, org.springframework.security.web.authentication.ui.DefaultLoginPageGeneratingFilter@4460edf, org.springframework.security.web.authentication.ui.DefaultLogoutPageGeneratingFilter@4f55da9b, org.springframework.security.web.authentication.www.BasicAuthenticationFilter@747e0a31, org.springframework.security.web.savedrequest.RequestCacheAwareFilter@2a6f3ac7, org.springframework.security.web.servletapi.SecurityContextHolderAwareRequestFilter@68fe866b, org.springframework.security.web.authentication.AnonymousAuthenticationFilter@3bad0efd, org.springframework.security.web.access.ExceptionTranslationFilter@71b9b035, org.springframework.security.web.access.intercept.AuthorizationFilter@5ec10ab1]
2025-12-17T15:29:16.258+02:00  INFO 13392 --- [certificate-service] [           main] o.s.b.t.m.w.SpringBootMockServletContext : Initializing Spring TestDispatcherServlet ''
2025-12-17T15:29:16.258+02:00  INFO 13392 --- [certificate-service] [           main] o.s.t.web.servlet.TestDispatcherServlet  : Initializing Servlet ''
2025-12-17T15:29:16.258+02:00  INFO 13392 --- [certificate-service] [           main] o.s.t.web.servlet.TestDispatcherServlet  : Completed initialization in 0 ms
2025-12-17T15:29:16.332+02:00  INFO 13392 --- [certificate-service] [           main] c.s.c.controller.AuthControllerTest      : Started AuthControllerTest in 9.571 seconds (process running for 12.916)
]]></system-out>
  </testcase>
  <testcase name="register_shouldReturnCreatedCustomer" classname="com.seccertificate.certificateservice.controller.AuthControllerTest" time="0.041"/>
</testsuite>